Release 14.7 - ngc2edif P.20131013 (lin64)
Copyright (c) 1995-2013 Xilinx, Inc.  All rights reserved.
Reading design mojo_blink_top.ngc ...
WARNING:NetListWriters:298 - No output is written to mojo_blink_top.xncf,
   ignored.
Processing design ...
   Preping design's networks ...
   Preping design's macros ...
  finished :Prep
Writing EDIF netlist file mojo_blink_top.edif ...
ngc2edif: Total memory usage is 92080 kilobytes

Release 14.7 - ngc2edif P.20131013 (lin64)
Copyright (c) 1995-2013 Xilinx, Inc.  All rights reserved.
Reading design mojo_blink_top.ngc ...
WARNING:NetListWriters:298 - No output is written to mojo_blink_top.xncf,
   ignored.
Processing design ...
   Preping design's networks ...
   Preping design's macros ...
  finished :Prep
Writing EDIF netlist file mojo_blink_top.edif ...
ngc2edif: Total memory usage is 92080 kilobytes

Release 14.7 - ngc2edif P.20131013 (lin64)
Copyright (c) 1995-2013 Xilinx, Inc.  All rights reserved.
Reading design mojo_blink_top.ngc ...
WARNING:NetListWriters:298 - No output is written to mojo_blink_top.xncf,
   ignored.
Processing design ...
   Preping design's networks ...
   Preping design's macros ...
  finished :Prep
Writing EDIF netlist file mojo_blink_top.edif ...
ngc2edif: Total memory usage is 92100 kilobytes

Release 14.7 - ngc2edif P.20131013 (lin64)
Copyright (c) 1995-2013 Xilinx, Inc.  All rights reserved.
Reading design mojo_blink_top.ngc ...
WARNING:NetListWriters:298 - No output is written to mojo_blink_top.xncf,
   ignored.
Processing design ...
   Preping design's networks ...
   Preping design's macros ...
  finished :Prep
Writing EDIF netlist file mojo_blink_top.edif ...
ngc2edif: Total memory usage is 92100 kilobytes

Release 14.7 - ngc2edif P.20131013 (lin64)
Copyright (c) 1995-2013 Xilinx, Inc.  All rights reserved.
Reading design mojo_blink_top.ngc ...
WARNING:NetListWriters:298 - No output is written to mojo_blink_top.xncf,
   ignored.
Processing design ...
   Preping design's networks ...
   Preping design's macros ...
  finished :Prep
Writing EDIF netlist file mojo_blink_top.edif ...
ngc2edif: Total memory usage is 92128 kilobytes

Release 14.7 - ngc2edif P.20131013 (lin64)
Copyright (c) 1995-2013 Xilinx, Inc.  All rights reserved.
Reading design mojo_blink_top.ngc ...
WARNING:NetListWriters:298 - No output is written to mojo_blink_top.xncf,
   ignored.
Processing design ...
   Preping design's networks ...
   Preping design's macros ...
  finished :Prep
Writing EDIF netlist file mojo_blink_top.edif ...
ngc2edif: Total memory usage is 92124 kilobytes

Release 14.7 - ngc2edif P.20131013 (lin64)
Copyright (c) 1995-2013 Xilinx, Inc.  All rights reserved.
Reading design mojo_blink_top.ngc ...
WARNING:NetListWriters:298 - No output is written to mojo_blink_top.xncf,
   ignored.
Processing design ...
   Preping design's networks ...
   Preping design's macros ...
  finished :Prep
Writing EDIF netlist file mojo_blink_top.edif ...
ngc2edif: Total memory usage is 92124 kilobytes

Release 14.7 - ngc2edif P.20131013 (lin64)
Copyright (c) 1995-2013 Xilinx, Inc.  All rights reserved.
Reading design mojo_blink_top.ngc ...
WARNING:NetListWriters:298 - No output is written to mojo_blink_top.xncf,
   ignored.
Processing design ...
   Preping design's networks ...
   Preping design's macros ...
  finished :Prep
Writing EDIF netlist file mojo_blink_top.edif ...
ngc2edif: Total memory usage is 92124 kilobytes

Release 14.7 - ngc2edif P.20131013 (lin64)
Copyright (c) 1995-2013 Xilinx, Inc.  All rights reserved.
Reading design mojo_blink_top.ngc ...
WARNING:NetListWriters:298 - No output is written to mojo_blink_top.xncf,
   ignored.
Processing design ...
   Preping design's networks ...
   Preping design's macros ...
  finished :Prep
Writing EDIF netlist file mojo_blink_top.edif ...
ngc2edif: Total memory usage is 92104 kilobytes

Release 14.7 - ngc2edif P.20131013 (lin64)
Copyright (c) 1995-2013 Xilinx, Inc.  All rights reserved.
Reading design mojo_blink_top.ngc ...
WARNING:NetListWriters:298 - No output is written to mojo_blink_top.xncf,
   ignored.
Processing design ...
   Preping design's networks ...
   Preping design's macros ...
  finished :Prep
Writing EDIF netlist file mojo_blink_top.edif ...
ngc2edif: Total memory usage is 92108 kilobytes

